# JRE version: Java(TM) SE Runtime Environment (8.0_31-b13) (build 1.8.0_31-b13)
# Java VM: Java HotSpot(TM) 64-Bit Server VM (25.31-b07 mixed mode bsd-amd64 compressed oops)
Heap:
 PSYoungGen      total 275968K, used 6121K [0x00000007aab00000, 0x00000007beb80000, 0x00000007c0000000)
  eden space 225792K, 0% used [0x00000007aab00000,0x00000007aab00000,0x00000007b8780000)
  from space 50176K, 12% used [0x00000007bba80000,0x00000007bc07a520,0x00000007beb80000)
  to   space 51200K, 0% used [0x00000007b8780000,0x00000007b8780000,0x00000007bb980000)
 ParOldGen       total 372736K, used 357135K [0x0000000780000000, 0x0000000796c00000, 0x00000007aab00000)
  object space 372736K, 95% used [0x0000000780000000,0x0000000795cc3d30,0x0000000796c00000)
 Metaspace       used 353061K, capacity 372748K, committed 375296K, reserved 1368064K
  class space    used 48857K, capacity 55654K, committed 56576K, reserved 1048576K
GC Heap History (10 events):
Event: 51628.280 GC heap after
Heap after GC invocations=223 (full 51):
 PSYoungGen      total 251904K, used 8850K [0x00000007aab00000, 0x00000007be300000, 0x00000007c0000000)
  eden space 198656K, 0% used [0x00000007aab00000,0x00000007aab00000,0x00000007b6d00000)
  from space 53248K, 16% used [0x00000007baf00000,0x00000007bb7a4990,0x00000007be300000)
  to   space 60416K, 0% used [0x00000007b6d00000,0x00000007b6d00000,0x00000007ba800000)
 ParOldGen       total 372736K, used 340168K [0x0000000780000000, 0x0000000796c00000, 0x00000007aab00000)
  object space 372736K, 91% used [0x0000000780000000,0x0000000794c32030,0x0000000796c00000)
 Metaspace       used 349221K, capacity 368342K, committed 371328K, reserved 1363968K
  class space    used 48288K, capacity 54890K, committed 55936K, reserved 1048576K
}
Event: 51630.670 GC heap before
{Heap before GC invocations=224 (full 51):
 PSYoungGen      total 251904K, used 207506K [0x00000007aab00000, 0x00000007be300000, 0x00000007c0000000)
  eden space 198656K, 100% used [0x00000007aab00000,0x00000007b6d00000,0x00000007b6d00000)
  from space 53248K, 16% used [0x00000007baf00000,0x00000007bb7a4990,0x00000007be300000)
  to   space 60416K, 0% used [0x00000007b6d00000,0x00000007b6d00000,0x00000007ba800000)
 ParOldGen       total 372736K, used 340168K [0x0000000780000000, 0x0000000796c00000, 0x00000007aab00000)
  object space 372736K, 91% used [0x0000000780000000,0x0000000794c32030,0x0000000796c00000)
 Metaspace       used 349279K, capacity 368342K, committed 371328K, reserved 1363968K
  class space    used 48290K, capacity 54890K, committed 55936K, reserved 1048576K
Event: 51630.690 GC heap after
Heap after GC invocations=224 (full 51):
 PSYoungGen      total 203264K, used 9826K [0x00000007aab00000, 0x00000007bd980000, 0x00000007c0000000)
  eden space 193024K, 0% used [0x00000007aab00000,0x00000007aab00000,0x00000007b6780000)
  from space 10240K, 95% used [0x00000007b6d00000,0x00000007b76989a0,0x00000007b7700000)
  to   space 58368K, 0% used [0x00000007ba080000,0x00000007ba080000,0x00000007bd980000)
 ParOldGen       total 372736K, used 340176K [0x0000000780000000, 0x0000000796c00000, 0x00000007aab00000)
  object space 372736K, 91% used [0x0000000780000000,0x0000000794c34030,0x0000000796c00000)
 Metaspace       used 349279K, capacity 368342K, committed 371328K, reserved 1363968K
  class space    used 48290K, capacity 54890K, committed 55936K, reserved 1048576K
}
Event: 51631.853 GC heap before
{Heap before GC invocations=225 (full 51):
 PSYoungGen      total 203264K, used 202850K [0x00000007aab00000, 0x00000007bd980000, 0x00000007c0000000)
  eden space 193024K, 100% used [0x00000007aab00000,0x00000007b6780000,0x00000007b6780000)
  from space 10240K, 95% used [0x00000007b6d00000,0x00000007b76989a0,0x00000007b7700000)
  to   space 58368K, 0% used [0x00000007ba080000,0x00000007ba080000,0x00000007bd980000)
 ParOldGen       total 372736K, used 340176K [0x0000000780000000, 0x0000000796c00000, 0x00000007aab00000)
  object space 372736K, 91% used [0x0000000780000000,0x0000000794c34030,0x0000000796c00000)
 Metaspace       used 352253K, capacity 371484K, committed 374400K, reserved 1368064K
  class space    used 48684K, capacity 55370K, committed 56448K, reserved 1048576K
Event: 51631.901 GC heap after
Heap after GC invocations=225 (full 51):
 PSYoungGen      total 255488K, used 19157K [0x00000007aab00000, 0x00000007bea00000, 0x00000007c0000000)
  eden space 197120K, 0% used [0x00000007aab00000,0x00000007aab00000,0x00000007b6b80000)
  from space 58368K, 32% used [0x00000007ba080000,0x00000007bb3357b8,0x00000007bd980000)
  to   space 54272K, 0% used [0x00000007b6b80000,0x00000007b6b80000,0x00000007ba080000)
 ParOldGen       total 372736K, used 340176K [0x0000000780000000, 0x0000000796c00000, 0x00000007aab00000)
  object space 372736K, 91% used [0x0000000780000000,0x0000000794c34030,0x0000000796c00000)
 Metaspace       used 352253K, capacity 371484K, committed 374400K, reserved 1368064K
  class space    used 48684K, capacity 55370K, committed 56448K, reserved 1048576K
}
Event: 51632.724 GC heap before
{Heap before GC invocations=226 (full 51):
 PSYoungGen      total 255488K, used 216277K [0x00000007aab00000, 0x00000007bea00000, 0x00000007c0000000)
  eden space 197120K, 100% used [0x00000007aab00000,0x00000007b6b80000,0x00000007b6b80000)
  from space 58368K, 32% used [0x00000007ba080000,0x00000007bb3357b8,0x00000007bd980000)
  to   space 54272K, 0% used [0x00000007b6b80000,0x00000007b6b80000,0x00000007ba080000)
 ParOldGen       total 372736K, used 340176K [0x0000000780000000, 0x0000000796c00000, 0x00000007aab00000)
  object space 372736K, 91% used [0x0000000780000000,0x0000000794c34030,0x0000000796c00000)
 Metaspace       used 352288K, capacity 371578K, committed 374400K, reserved 1368064K
  class space    used 48688K, capacity 55374K, committed 56448K, reserved 1048576K
Event: 51632.758 GC heap after
Heap after GC invocations=226 (full 51):
 PSYoungGen      total 251392K, used 10977K [0x00000007aab00000, 0x00000007bee00000, 0x00000007c0000000)
  eden space 197120K, 0% used [0x00000007aab00000,0x00000007aab00000,0x00000007b6b80000)
  from space 54272K, 20% used [0x00000007b6b80000,0x00000007b7638738,0x00000007ba080000)
  to   space 52736K, 0% used [0x00000007bba80000,0x00000007bba80000,0x00000007bee00000)
 ParOldGen       total 372736K, used 348099K [0x0000000780000000, 0x0000000796c00000, 0x00000007aab00000)
  object space 372736K, 93% used [0x0000000780000000,0x00000007953f0de8,0x0000000796c00000)
 Metaspace       used 352288K, capacity 371578K, committed 374400K, reserved 1368064K
  class space    used 48688K, capacity 55374K, committed 56448K, reserved 1048576K
}
Event: 51633.735 GC heap before
{Heap before GC invocations=227 (full 51):
 PSYoungGen      total 251392K, used 208097K [0x00000007aab00000, 0x00000007bee00000, 0x00000007c0000000)
  eden space 197120K, 100% used [0x00000007aab00000,0x00000007b6b80000,0x00000007b6b80000)
  from space 54272K, 20% used [0x00000007b6b80000,0x00000007b7638738,0x00000007ba080000)
  to   space 52736K, 0% used [0x00000007bba80000,0x00000007bba80000,0x00000007bee00000)
 ParOldGen       total 372736K, used 348099K [0x0000000780000000, 0x0000000796c00000, 0x00000007aab00000)
  object space 372736K, 93% used [0x0000000780000000,0x00000007953f0de8,0x0000000796c00000)
 Metaspace       used 353061K, capacity 372748K, committed 375296K, reserved 1368064K
  class space    used 48857K, capacity 55654K, committed 56576K, reserved 1048576K
Event: 51633.766 GC heap after
Heap after GC invocations=227 (full 51):
 PSYoungGen      total 275968K, used 6121K [0x00000007aab00000, 0x00000007beb80000, 0x00000007c0000000)
  eden space 225792K, 0% used [0x00000007aab00000,0x00000007aab00000,0x00000007b8780000)
  from space 50176K, 12% used [0x00000007bba80000,0x00000007bc07a520,0x00000007beb80000)
  to   space 51200K, 0% used [0x00000007b8780000,0x00000007b8780000,0x00000007bb980000)
 ParOldGen       total 372736K, used 357135K [0x0000000780000000, 0x0000000796c00000, 0x00000007aab00000)
  object space 372736K, 95% used [0x0000000780000000,0x0000000795cc3d30,0x0000000796c00000)
 Metaspace       used 353061K, capacity 372748K, committed 375296K, reserved 1368064K
  class space    used 48857K, capacity 55654K, committed 56576K, reserved 1048576K
}
Event: 51633.766 GC heap before
{Heap before GC invocations=228 (full 52):
 PSYoungGen      total 275968K, used 6121K [0x00000007aab00000, 0x00000007beb80000, 0x00000007c0000000)
  eden space 225792K, 0% used [0x00000007aab00000,0x00000007aab00000,0x00000007b8780000)
  from space 50176K, 12% used [0x00000007bba80000,0x00000007bc07a520,0x00000007beb80000)
  to   space 51200K, 0% used [0x00000007b8780000,0x00000007b8780000,0x00000007bb980000)
 ParOldGen       total 372736K, used 357135K [0x0000000780000000, 0x0000000796c00000, 0x00000007aab00000)
  object space 372736K, 95% used [0x0000000780000000,0x0000000795cc3d30,0x0000000796c00000)
 Metaspace       used 353061K, capacity 372748K, committed 375296K, reserved 1368064K
  class space    used 48857K, capacity 55654K, committed 56576K, reserved 1048576K

